{"name": "test_login_invalid_credentials", "status": "broken", "statusDetails": {"message": "selenium.common.exceptions.InvalidSelectorException: Message: Compound class names are not allowed.; For documentation on this error, please visit: https://www.selenium.dev/documentation/webdriver/troubleshooting/errors#invalidselectorexception", "trace": "driver = <selenium.webdriver.firefox.webdriver.WebDriver (session=\"74f1bbd9-cff7-475f-8a9f-6c06d1562b4b\")>\n\n    def test_login_invalid_credentials(driver):\n        page = InternetPage(driver)\n        page.open()\n    \n>       page.login(\"wrong\", \"wrong\")\n\ntests\\second_test.py:15: \n_ _ _ _ _ _ _ _ _ _ _ _ _ _ _ _ _ _ _ _ _ _ _ _ _ _ _ _ _ _ _ _ \npages\\internet_page.py:20: in login\n    self.click(self.LOGIN_BUTTON)\npages\\base_page.py:11: in click\n    WebDriverWait(self.driver, timeout).until(\n.venv\\Lib\\site-packages\\selenium\\webdriver\\support\\wait.py:112: in until\n    value = method(self._driver)\n            ^^^^^^^^^^^^^^^^^^^^\n.venv\\Lib\\site-packages\\selenium\\webdriver\\support\\expected_conditions.py:514: in _predicate\n    target = driver.find_element(*target)  # grab element at locator\n             ^^^^^^^^^^^^^^^^^^^^^^^^^^^^\n.venv\\Lib\\site-packages\\selenium\\webdriver\\remote\\webdriver.py:794: in find_element\n    by, value = self.locator_converter.convert(by, value)\n                ^^^^^^^^^^^^^^^^^^^^^^^^^^^^^^^^^^^^^^^^^\n_ _ _ _ _ _ _ _ _ _ _ _ _ _ _ _ _ _ _ _ _ _ _ _ _ _ _ _ _ _ _ _ \n\nself = <selenium.webdriver.remote.locator_converter.LocatorConverter object at 0x00000260928CA710>\nby = 'class name', value = 'fa fa-2x fa-sign-in'\n\n    def convert(self, by, value):\n        # Default conversion logic\n        if by == By.ID:\n            return By.CSS_SELECTOR, f'[id=\"{value}\"]'\n        elif by == By.CLASS_NAME:\n            if value and any(char.isspace() for char in value.strip()):\n>               raise InvalidSelectorException(\"Compound class names are not allowed.\")\nE               selenium.common.exceptions.InvalidSelectorException: Message: Compound class names are not allowed.; For documentation on this error, please visit: https://www.selenium.dev/documentation/webdriver/troubleshooting/errors#invalidselectorexception\n\n.venv\\Lib\\site-packages\\selenium\\webdriver\\remote\\locator_converter.py:29: InvalidSelectorException"}, "start": 1769964401654, "stop": 1769964417271, "uuid": "b096d194-3fe3-4a7f-ab7f-326a98ac0240", "historyId": "fd49d14067c3c0c76bfcbcb4e78ad4f9", "testCaseId": "fd49d14067c3c0c76bfcbcb4e78ad4f9", "fullName": "tests.second_test#test_login_invalid_credentials", "labels": [{"name": "parentSuite", "value": "tests"}, {"name": "suite", "value": "second_test"}, {"name": "host", "value": "DESKTOP-M7US4B5"}, {"name": "thread", "value": "19412-MainThread"}, {"name": "framework", "value": "pytest"}, {"name": "language", "value": "cpython3"}, {"name": "package", "value": "tests.second_test"}], "titlePath": ["tests", "second_test.py"]}